[BUG]: out of license

## Command Line
/opt/anaconda3/envs/spyder-env/bin/pyarmor gen main 2.py

## Environments
Python 3.12.12
Pyarmor 9.2.3 (trial), 000000, non-profits
Platform darwin.aarch64
Native darwin.arm64
Home /Users/safronus/.pyarmor

## Traceback
Traceback (most recent call last):
  File "/opt/anaconda3/envs/spyder-env/lib/python3.12/site-packages/pyarmor/cli/__main__.py", line 796, in main
    main_entry(sys.argv[1:])
  File "/opt/anaconda3/envs/spyder-env/lib/python3.12/site-packages/pyarmor/cli/__main__.py", line 789, in main_entry
    return args.func(ctx, args)
           ^^^^^^^^^^^^^^^^^^^^
  File "/opt/anaconda3/envs/spyder-env/lib/python3.12/site-packages/pyarmor/cli/__main__.py", line 248, in cmd_gen
    builder.process(options)
  File "/opt/anaconda3/envs/spyder-env/lib/python3.12/site-packages/pyarmor/cli/generate.py", line 188, in process
    self._obfuscate_scripts()
  File "/opt/anaconda3/envs/spyder-env/lib/python3.12/site-packages/pyarmor/cli/generate.py", line 144, in _obfuscate_scripts
    code = Pytransform3.generate_obfuscated_script(self.ctx, r)
           ^^^^^^^^^^^^^^^^^^^^^^^^^^^^^^^^^^^^^^^^^^^^^^^^^^^^
  File "/opt/anaconda3/envs/spyder-env/lib/python3.12/site-packages/pyarmor/cli/core/__init__.py", line 95, in generate_obfuscated_script
    return m.generate_obfuscated_script(ctx, res)
           ^^^^^^^^^^^^^^^^^^^^^^^^^^^^^^^^^^^^^^
  File "<maker>", line 728, in generate_obfuscated_script
  File "/opt/anaconda3/envs/spyder-env/lib/python3.12/site-packages/pyarmor/cli/__init__.py", line 16, in process
    return meth(self, res, *args, **kwargs)
           ^^^^^^^^^^^^^^^^^^^^^^^^^^^^^^^^
  File "<maker>", line 553, in process
  File "<maker>", line 559, in coserialize
  File "<maker>", line 609, in _build_ast_body
RuntimeError: out of license


